<component name="libraryTable">
  <library name="junit-libs">
    <CLASSES>
      <root url="file://$PROJECT_DIR$/../../06_软件与资料/05-资料/junit-libs" />
    </CLASSES>
    <JAVADOC />
    <SOURCES />
    <jarDirectory url="file://$PROJECT_DIR$/../../06_软件与资料/05-资料/junit-libs" recursive="false" />
  </library>
</component>